\BOOKMARK [1][-]{section.1}{Introduction}{}% 1
\BOOKMARK [2][-]{subsection.1.1}{Abstract}{section.1}% 2
\BOOKMARK [1][-]{section.2}{FACTOR}{}% 3
\BOOKMARK [2][-]{subsection.2.1}{Functionality}{section.2}% 4
\BOOKMARK [2][-]{subsection.2.2}{Application-domain}{section.2}% 5
\BOOKMARK [2][-]{subsection.2.3}{Conditions}{section.2}% 6
\BOOKMARK [2][-]{subsection.2.4}{Technology}{section.2}% 7
\BOOKMARK [2][-]{subsection.2.5}{Objects}{section.2}% 8
\BOOKMARK [2][-]{subsection.2.6}{Responsibility}{section.2}% 9
\BOOKMARK [1][-]{section.3}{Program Specifications}{}% 10
\BOOKMARK [2][-]{subsection.3.1}{Functional and Non-Functional Requirements}{section.3}% 11
\BOOKMARK [2][-]{subsection.3.2}{Use Case Model}{section.3}% 12
\BOOKMARK [2][-]{subsection.3.3}{Specific Use Cases}{section.3}% 13
\BOOKMARK [2][-]{subsection.3.4}{Class-diagram}{section.3}% 14
\BOOKMARK [2][-]{subsection.3.5}{BCE-model}{section.3}% 15
\BOOKMARK [2][-]{subsection.3.6}{Sequence-diagram}{section.3}% 16
\BOOKMARK [1][-]{section.4}{System Design}{}% 17
\BOOKMARK [2][-]{subsection.4.1}{Current Progress}{section.4}% 18
\BOOKMARK [2][-]{subsection.4.2}{Summary}{section.4}% 19
\BOOKMARK [1][-]{section.5}{Testing}{}% 20
\BOOKMARK [2][-]{subsection.5.1}{Search-engine test}{section.5}% 21
\BOOKMARK [1][-]{section.6}{Interaction and Design}{}% 22
\BOOKMARK [2][-]{subsection.6.1}{Design}{section.6}% 23
\BOOKMARK [1][-]{section.7}{Internal Cooperation}{}% 24
\BOOKMARK [2][-]{subsection.7.1}{Summary}{section.7}% 25
\BOOKMARK [1][-]{section.8}{Litterature Reviews}{}% 26
\BOOKMARK [2][-]{subsection.8.1}{Designing for usability - J.D. Gould and C. Lewis}{section.8}% 27
\BOOKMARK [2][-]{subsection.8.2}{A Rational Design Process - David Lorge Parnas and Paul C. Clements}{section.8}% 28
\BOOKMARK [1][-]{section.9}{Annexes}{}% 29
\BOOKMARK [2][-]{subsection.9.1}{Testing}{section.9}% 30
\BOOKMARK [2][-]{subsection.9.2}{Github Log}{section.9}% 31
\BOOKMARK [2][-]{subsection.9.3}{Changelog}{section.9}% 32
\BOOKMARK [2][-]{subsection.9.4}{Timeline}{section.9}% 33
