This is pdfTeX, Version 3.14159265-2.6-1.40.15 (MiKTeX 2.9 64-bit) (preloaded format=pdflatex 2015.6.1)  2 JUN 2015 22:40
entering extended mode
**"Delrapport 4.tex"
("Delrapport 4.tex"
LaTeX2e <2014/05/01>
Babel <3.9l> and hyphenation patterns for 68 languages loaded.
("C:\Program Files\MiKTeX 2.9\tex\latex\base\article.cls"
Document Class: article 2014/09/29 v1.4h Standard LaTeX document class
("C:\Program Files\MiKTeX 2.9\tex\latex\base\size12.clo"
File: size12.clo 2014/09/29 v1.4h Standard LaTeX file (size option)
)
\c@part=\count79
\c@section=\count80
\c@subsection=\count81
\c@subsubsection=\count82
\c@paragraph=\count83
\c@subparagraph=\count84
\c@figure=\count85
\c@table=\count86
\abovecaptionskip=\skip41
\belowcaptionskip=\skip42
\bibindent=\dimen102
)
("C:\Program Files\MiKTeX 2.9\tex\latex\base\inputenc.sty"
Package: inputenc 2014/04/30 v1.2b Input encoding file
\inpenc@prehook=\toks14
\inpenc@posthook=\toks15

("C:\Program Files\MiKTeX 2.9\tex\latex\base\utf8.def"
File: utf8.def 2014/09/29 v1.1m UTF-8 support for inputenc
Now handling font encoding OML ...
... no UTF-8 mapping file for font encoding OML
Now handling font encoding T1 ...
... processing UTF-8 mapping file for font encoding T1

("C:\Program Files\MiKTeX 2.9\tex\latex\base\t1enc.dfu"
File: t1enc.dfu 2014/09/29 v1.1m UTF-8 support for inputenc
   defining Unicode char U+00A1 (decimal 161)
   defining Unicode char U+00A3 (decimal 163)
   defining Unicode char U+00AB (decimal 171)
   defining Unicode char U+00BB (decimal 187)
   defining Unicode char U+00BF (decimal 191)
   defining Unicode char U+00C0 (decimal 192)
   defining Unicode char U+00C1 (decimal 193)
   defining Unicode char U+00C2 (decimal 194)
   defining Unicode char U+00C3 (decimal 195)
   defining Unicode char U+00C4 (decimal 196)
   defining Unicode char U+00C5 (decimal 197)
   defining Unicode char U+00C6 (decimal 198)
   defining Unicode char U+00C7 (decimal 199)
   defining Unicode char U+00C8 (decimal 200)
   defining Unicode char U+00C9 (decimal 201)
   defining Unicode char U+00CA (decimal 202)
   defining Unicode char U+00CB (decimal 203)
   defining Unicode char U+00CC (decimal 204)
   defining Unicode char U+00CD (decimal 205)
   defining Unicode char U+00CE (decimal 206)
   defining Unicode char U+00CF (decimal 207)
   defining Unicode char U+00D0 (decimal 208)
   defining Unicode char U+00D1 (decimal 209)
   defining Unicode char U+00D2 (decimal 210)
   defining Unicode char U+00D3 (decimal 211)
   defining Unicode char U+00D4 (decimal 212)
   defining Unicode char U+00D5 (decimal 213)
   defining Unicode char U+00D6 (decimal 214)
   defining Unicode char U+00D8 (decimal 216)
   defining Unicode char U+00D9 (decimal 217)
   defining Unicode char U+00DA (decimal 218)
   defining Unicode char U+00DB (decimal 219)
   defining Unicode char U+00DC (decimal 220)
   defining Unicode char U+00DD (decimal 221)
   defining Unicode char U+00DE (decimal 222)
   defining Unicode char U+00DF (decimal 223)
   defining Unicode char U+00E0 (decimal 224)
   defining Unicode char U+00E1 (decimal 225)
   defining Unicode char U+00E2 (decimal 226)
   defining Unicode char U+00E3 (decimal 227)
   defining Unicode char U+00E4 (decimal 228)
   defining Unicode char U+00E5 (decimal 229)
   defining Unicode char U+00E6 (decimal 230)
   defining Unicode char U+00E7 (decimal 231)
   defining Unicode char U+00E8 (decimal 232)
   defining Unicode char U+00E9 (decimal 233)
   defining Unicode char U+00EA (decimal 234)
   defining Unicode char U+00EB (decimal 235)
   defining Unicode char U+00EC (decimal 236)
   defining Unicode char U+00ED (decimal 237)
   defining Unicode char U+00EE (decimal 238)
   defining Unicode char U+00EF (decimal 239)
   defining Unicode char U+00F0 (decimal 240)
   defining Unicode char U+00F1 (decimal 241)
   defining Unicode char U+00F2 (decimal 242)
   defining Unicode char U+00F3 (decimal 243)
   defining Unicode char U+00F4 (decimal 244)
   defining Unicode char U+00F5 (decimal 245)
   defining Unicode char U+00F6 (decimal 246)
   defining Unicode char U+00F8 (decimal 248)
   defining Unicode char U+00F9 (decimal 249)
   defining Unicode char U+00FA (decimal 250)
   defining Unicode char U+00FB (decimal 251)
   defining Unicode char U+00FC (decimal 252)
   defining Unicode char U+00FD (decimal 253)
   defining Unicode char U+00FE (decimal 254)
   defining Unicode char U+00FF (decimal 255)
   defining Unicode char U+0102 (decimal 258)
   defining Unicode char U+0103 (decimal 259)
   defining Unicode char U+0104 (decimal 260)
   defining Unicode char U+0105 (decimal 261)
   defining Unicode char U+0106 (decimal 262)
   defining Unicode char U+0107 (decimal 263)
   defining Unicode char U+010C (decimal 268)
   defining Unicode char U+010D (decimal 269)
   defining Unicode char U+010E (decimal 270)
   defining Unicode char U+010F (decimal 271)
   defining Unicode char U+0110 (decimal 272)
   defining Unicode char U+0111 (decimal 273)
   defining Unicode char U+0118 (decimal 280)
   defining Unicode char U+0119 (decimal 281)
   defining Unicode char U+011A (decimal 282)
   defining Unicode char U+011B (decimal 283)
   defining Unicode char U+011E (decimal 286)
   defining Unicode char U+011F (decimal 287)
   defining Unicode char U+0130 (decimal 304)
   defining Unicode char U+0131 (decimal 305)
   defining Unicode char U+0132 (decimal 306)
   defining Unicode char U+0133 (decimal 307)
   defining Unicode char U+0139 (decimal 313)
   defining Unicode char U+013A (decimal 314)
   defining Unicode char U+013D (decimal 317)
   defining Unicode char U+013E (decimal 318)
   defining Unicode char U+0141 (decimal 321)
   defining Unicode char U+0142 (decimal 322)
   defining Unicode char U+0143 (decimal 323)
   defining Unicode char U+0144 (decimal 324)
   defining Unicode char U+0147 (decimal 327)
   defining Unicode char U+0148 (decimal 328)
   defining Unicode char U+014A (decimal 330)
   defining Unicode char U+014B (decimal 331)
   defining Unicode char U+0150 (decimal 336)
   defining Unicode char U+0151 (decimal 337)
   defining Unicode char U+0152 (decimal 338)
   defining Unicode char U+0153 (decimal 339)
   defining Unicode char U+0154 (decimal 340)
   defining Unicode char U+0155 (decimal 341)
   defining Unicode char U+0158 (decimal 344)
   defining Unicode char U+0159 (decimal 345)
   defining Unicode char U+015A (decimal 346)
   defining Unicode char U+015B (decimal 347)
   defining Unicode char U+015E (decimal 350)
   defining Unicode char U+015F (decimal 351)
   defining Unicode char U+0160 (decimal 352)
   defining Unicode char U+0161 (decimal 353)
   defining Unicode char U+0162 (decimal 354)
   defining Unicode char U+0163 (decimal 355)
   defining Unicode char U+0164 (decimal 356)
   defining Unicode char U+0165 (decimal 357)
   defining Unicode char U+016E (decimal 366)
   defining Unicode char U+016F (decimal 367)
   defining Unicode char U+0170 (decimal 368)
   defining Unicode char U+0171 (decimal 369)
   defining Unicode char U+0178 (decimal 376)
   defining Unicode char U+0179 (decimal 377)
   defining Unicode char U+017A (decimal 378)
   defining Unicode char U+017B (decimal 379)
   defining Unicode char U+017C (decimal 380)
   defining Unicode char U+017D (decimal 381)
   defining Unicode char U+017E (decimal 382)
   defining Unicode char U+200C (decimal 8204)
   defining Unicode char U+2013 (decimal 8211)
   defining Unicode char U+2014 (decimal 8212)
   defining Unicode char U+2018 (decimal 8216)
   defining Unicode char U+2019 (decimal 8217)
   defining Unicode char U+201A (decimal 8218)
   defining Unicode char U+201C (decimal 8220)
   defining Unicode char U+201D (decimal 8221)
   defining Unicode char U+201E (decimal 8222)
   defining Unicode char U+2030 (decimal 8240)
   defining Unicode char U+2031 (decimal 8241)
   defining Unicode char U+2039 (decimal 8249)
   defining Unicode char U+203A (decimal 8250)
   defining Unicode char U+2423 (decimal 9251)
)
Now handling font encoding OT1 ...
... processing UTF-8 mapping file for font encoding OT1

("C:\Program Files\MiKTeX 2.9\tex\latex\base\ot1enc.dfu"
File: ot1enc.dfu 2014/09/29 v1.1m UTF-8 support for inputenc
   defining Unicode char U+00A1 (decimal 161)
   defining Unicode char U+00A3 (decimal 163)
   defining Unicode char U+00B8 (decimal 184)
   defining Unicode char U+00BF (decimal 191)
   defining Unicode char U+00C5 (decimal 197)
   defining Unicode char U+00C6 (decimal 198)
   defining Unicode char U+00D8 (decimal 216)
   defining Unicode char U+00DF (decimal 223)
   defining Unicode char U+00E6 (decimal 230)
   defining Unicode char U+00EC (decimal 236)
   defining Unicode char U+00ED (decimal 237)
   defining Unicode char U+00EE (decimal 238)
   defining Unicode char U+00EF (decimal 239)
   defining Unicode char U+00F8 (decimal 248)
   defining Unicode char U+0131 (decimal 305)
   defining Unicode char U+0141 (decimal 321)
   defining Unicode char U+0142 (decimal 322)
   defining Unicode char U+0152 (decimal 338)
   defining Unicode char U+0153 (decimal 339)
   defining Unicode char U+2013 (decimal 8211)
   defining Unicode char U+2014 (decimal 8212)
   defining Unicode char U+2018 (decimal 8216)
   defining Unicode char U+2019 (decimal 8217)
   defining Unicode char U+201C (decimal 8220)
   defining Unicode char U+201D (decimal 8221)
)
Now handling font encoding OMS ...
... processing UTF-8 mapping file for font encoding OMS

("C:\Program Files\MiKTeX 2.9\tex\latex\base\omsenc.dfu"
File: omsenc.dfu 2014/09/29 v1.1m UTF-8 support for inputenc
   defining Unicode char U+00A7 (decimal 167)
   defining Unicode char U+00B6 (decimal 182)
   defining Unicode char U+00B7 (decimal 183)
   defining Unicode char U+2020 (decimal 8224)
   defining Unicode char U+2021 (decimal 8225)
   defining Unicode char U+2022 (decimal 8226)
)
Now handling font encoding OMX ...
... no UTF-8 mapping file for font encoding OMX
Now handling font encoding U ...
... no UTF-8 mapping file for font encoding U
   defining Unicode char U+00A9 (decimal 169)
   defining Unicode char U+00AA (decimal 170)
   defining Unicode char U+00AE (decimal 174)
   defining Unicode char U+00BA (decimal 186)
   defining Unicode char U+02C6 (decimal 710)
   defining Unicode char U+02DC (decimal 732)
   defining Unicode char U+200C (decimal 8204)
   defining Unicode char U+2026 (decimal 8230)
   defining Unicode char U+2122 (decimal 8482)
   defining Unicode char U+2423 (decimal 9251)
))
("C:\Program Files\MiKTeX 2.9\tex\latex\tools\multicol.sty"
Package: multicol 2014/10/28 v1.8i multicolumn formatting (FMi)
\c@tracingmulticols=\count87
\mult@box=\box26
\multicol@leftmargin=\dimen103
\c@unbalance=\count88
\c@collectmore=\count89
\doublecol@number=\count90
\multicoltolerance=\count91
\multicolpretolerance=\count92
\full@width=\dimen104
\page@free=\dimen105
\premulticols=\dimen106
\postmulticols=\dimen107
\multicolsep=\skip43
\multicolbaselineskip=\skip44
\partial@page=\box27
\last@line=\box28
\maxbalancingoverflow=\dimen108
\mult@rightbox=\box29
\mult@grightbox=\box30
\mult@gfirstbox=\box31
\mult@firstbox=\box32
\@tempa=\box33
\@tempa=\box34
\@tempa=\box35
\@tempa=\box36
\@tempa=\box37
\@tempa=\box38
\@tempa=\box39
\@tempa=\box40
\@tempa=\box41
\@tempa=\box42
\@tempa=\box43
\@tempa=\box44
\@tempa=\box45
\@tempa=\box46
\@tempa=\box47
\@tempa=\box48
\@tempa=\box49
\c@columnbadness=\count93
\c@finalcolumnbadness=\count94
\last@try=\dimen109
\multicolovershoot=\dimen110
\multicolundershoot=\dimen111
\mult@nat@firstbox=\box50
\colbreak@box=\box51
\mc@col@check@num=\count95
)
("C:\Program Files\MiKTeX 2.9\tex\latex\blindtext\blindtext.sty"
Package: blindtext 2012/01/06 V2.0 blindtext-Package

("C:\Program Files\MiKTeX 2.9\tex\latex\tools\xspace.sty"
Package: xspace 2014/10/28 v1.13 Space after command names (DPC,MH)
)
\c@blindtext=\count96
\c@Blindtext=\count97
\c@blind@countparstart=\count98
\blind@countxx=\count99
\blindtext@numBlindtext=\count100
\blind@countyy=\count101
\c@blindlist=\count102
\c@blindlistlevel=\count103
\c@blindlist@level=\count104
\blind@listitem=\count105
\c@blind@listcount=\count106
\c@blind@levelcount=\count107
\blind@mathformula=\count108
\blind@Mathformula=\count109
\c@blind@randomcount=\count110
\c@blind@randommax=\count111
\c@blind@pangramcount=\count112
\c@blind@pangrammax=\count113
)
("C:\Program Files\MiKTeX 2.9\tex\generic\xypic\xy.sty"
("C:\Program Files\MiKTeX 2.9\tex\generic\xypic\xy.tex" Bootstrap'ing:
catcodes, docmode, ("C:\Program Files\MiKTeX 2.9\tex\generic\xypic\xyrecat.tex"
) ("C:\Program Files\MiKTeX 2.9\tex\generic\xypic\xyidioms.tex")

 Xy-pic version 3.8.9 <2013/10/06>
 Copyright (c) 1991-2013 by Kristoffer H. Rose <krisrose@tug.org> and others
 Xy-pic is free software: see the User's Guide for details.

Loading kernel: messages; fonts; allocations: state,
\X@c=\dimen112
\Y@c=\dimen113
\U@c=\dimen114
\D@c=\dimen115
\L@c=\dimen116
\R@c=\dimen117
\Edge@c=\toks16
\X@p=\dimen118
\Y@p=\dimen119
\U@p=\dimen120
\D@p=\dimen121
\L@p=\dimen122
\R@p=\dimen123
\Edge@p=\toks17
\X@origin=\dimen124
\Y@origin=\dimen125
\X@xbase=\dimen126
\Y@xbase=\dimen127
\X@ybase=\dimen128
\Y@ybase=\dimen129
\X@min=\dimen130
\Y@min=\dimen131
\X@max=\dimen132
\Y@max=\dimen133
\lastobjectbox@=\box52
\zerodotbox@=\box53
\almostz@=\dimen134
 direction,
\d@X=\dimen135
\d@Y=\dimen136
\K@=\count114
\KK@=\count115
\Direction=\count116
\K@dXdY=\dimen137
\K@dYdX=\dimen138
\xyread@=\read1
\xywrite@=\write3
\csp@=\count117
\quotPTK@=\dimen139

utility macros; pictures: \xy, positions,
\swaptoks@@=\toks18
\connectobjectbox@@=\box54
 objects,
\styletoks@=\toks19
 decorations;
kernel objects: directionals, circles, text; options; algorithms: directions,
edges, connections;  Xy-pic loaded)
("C:\Program Files\MiKTeX 2.9\tex\generic\oberdiek\ifpdf.sty"
Package: ifpdf 2011/01/30 v2.3 Provides the ifpdf switch (HO)
Package ifpdf Info: pdfTeX in PDF mode is detected.
)
Package: xy 2013/10/06 Xy-pic version 3.8.9

("C:\Program Files\MiKTeX 2.9\tex\generic\xypic\xyall.tex"
 Xy-pic option: All features v.3.8
("C:\Program Files\MiKTeX 2.9\tex\generic\xypic\xycurve.tex"
 Xy-pic option: Curve and Spline extension v.3.12 curve,
\crv@cnt@=\count118
\crvpts@=\toks20
\splinebox@=\box55
\splineval@=\dimen140
\splinedepth@=\dimen141
\splinetol@=\dimen142
\splinelength@=\dimen143
 circles,
\L@=\dimen144
 loaded)
("C:\Program Files\MiKTeX 2.9\tex\generic\xypic\xyframe.tex"
 Xy-pic option: Frame and Bracket extension v.3.14 loaded)
("C:\Program Files\MiKTeX 2.9\tex\generic\xypic\xycmtip.tex"
 Xy-pic option: Computer Modern tip extension v.3.7
("C:\Program Files\MiKTeX 2.9\tex\generic\xypic\xytips.tex"
 Xy-pic option: More Tips extension v.3.11 loaded) loaded)
("C:\Program Files\MiKTeX 2.9\tex\generic\xypic\xyline.tex"
 Xy-pic option: Line styles extension v.3.10
\xylinethick@=\dimen145
 loaded)
("C:\Program Files\MiKTeX 2.9\tex\generic\xypic\xyrotate.tex"
 Xy-pic option: Rotate and Scale extension v.3.8 loaded)
("C:\Program Files\MiKTeX 2.9\tex\generic\xypic\xycolor.tex"
 Xy-pic option: Colour extension v.3.11 loaded)
("C:\Program Files\MiKTeX 2.9\tex\generic\xypic\xymatrix.tex"
 Xy-pic option: Matrix feature v.3.14
\Row=\count119
\Col=\count120
\queue@=\toks21
\queue@@=\toks22
\qcount@=\count121
\qcount@@=\count122
\matrixsize@=\count123
 loaded)
("C:\Program Files\MiKTeX 2.9\tex\generic\xypic\xyarrow.tex"
 Xy-pic option: Arrow and Path feature v.3.9 path, \ar, loaded)
("C:\Program Files\MiKTeX 2.9\tex\generic\xypic\xygraph.tex"
 Xy-pic option: Graph feature v.3.11 loaded) loaded)
("C:\Program Files\MiKTeX 2.9\tex\generic\xypic\xypdf.tex"
 Xy-pic option: PDF driver v.1.7 Xy-pic pdf driver: `color' extension support
("C:\Program Files\MiKTeX 2.9\tex\generic\xypic\xypdf-co.tex" loaded)
Xy-pic pdf driver: `curve' extension support
("C:\Program Files\MiKTeX 2.9\tex\generic\xypic\xypdf-cu.tex" loaded)
Xy-pic pdf driver: `frame' extension support
("C:\Program Files\MiKTeX 2.9\tex\generic\xypic\xypdf-fr.tex" loaded)
Xy-pic pdf driver: `line' extension support
("C:\Program Files\MiKTeX 2.9\tex\generic\xypic\xypdf-li.tex" loaded)
Xy-pic pdf driver: `rotate' extension support
("C:\Program Files\MiKTeX 2.9\tex\generic\xypic\xypdf-ro.tex" loaded) loaded))
("C:\Program Files\MiKTeX 2.9\tex\latex\graphics\graphicx.sty"
Package: graphicx 2014/10/28 v1.0g Enhanced LaTeX Graphics (DPC,SPQR)

("C:\Program Files\MiKTeX 2.9\tex\latex\graphics\keyval.sty"
Package: keyval 2014/10/28 v1.15 key=value parser (DPC)
\KV@toks@=\toks23
)
("C:\Program Files\MiKTeX 2.9\tex\latex\graphics\graphics.sty"
Package: graphics 2014/10/28 v1.0p Standard LaTeX Graphics (DPC,SPQR)

("C:\Program Files\MiKTeX 2.9\tex\latex\graphics\trig.sty"
Package: trig 1999/03/16 v1.09 sin cos tan (DPC)
)
("C:\Program Files\MiKTeX 2.9\tex\latex\00miktex\graphics.cfg"
File: graphics.cfg 2007/01/18 v1.5 graphics configuration of teTeX/TeXLive
)
Package graphics Info: Driver file: pdftex.def on input line 91.

("C:\Program Files\MiKTeX 2.9\tex\latex\pdftex-def\pdftex.def"
File: pdftex.def 2011/05/27 v0.06d Graphics/color for pdfTeX

("C:\Program Files\MiKTeX 2.9\tex\generic\oberdiek\infwarerr.sty"
Package: infwarerr 2010/04/08 v1.3 Providing info/warning/error messages (HO)
)
("C:\Program Files\MiKTeX 2.9\tex\generic\oberdiek\ltxcmds.sty"
Package: ltxcmds 2011/11/09 v1.22 LaTeX kernel commands for general use (HO)
)
\Gread@gobject=\count124
))
\Gin@req@height=\dimen146
\Gin@req@width=\dimen147
)
("C:\Program Files\MiKTeX 2.9\tex\latex\base\fontenc.sty"
Package: fontenc 2005/09/27 v1.99g Standard LaTeX package

("C:\Program Files\MiKTeX 2.9\tex\latex\base\t1enc.def"
File: t1enc.def 2005/09/27 v1.99g Standard LaTeX file
LaTeX Font Info:    Redeclaring font encoding T1 on input line 43.
))
("C:\Program Files\MiKTeX 2.9\tex\latex\amsfonts\amsfonts.sty"
Package: amsfonts 2013/01/14 v3.01 Basic AMSFonts support
\@emptytoks=\toks24
\symAMSa=\mathgroup4
\symAMSb=\mathgroup5
LaTeX Font Info:    Overwriting math alphabet `\mathfrak' in version `bold'
(Font)                  U/euf/m/n --> U/euf/b/n on input line 106.
)
("C:\Program Files\MiKTeX 2.9\tex\latex\amsmath\amsmath.sty"
Package: amsmath 2013/01/14 v2.14 AMS math features
\@mathmargin=\skip45

For additional information on amsmath, use the `?' option.
("C:\Program Files\MiKTeX 2.9\tex\latex\amsmath\amstext.sty"
Package: amstext 2000/06/29 v2.01

("C:\Program Files\MiKTeX 2.9\tex\latex\amsmath\amsgen.sty"
File: amsgen.sty 1999/11/30 v2.0
\@emptytoks=\toks25
\ex@=\dimen148
))
("C:\Program Files\MiKTeX 2.9\tex\latex\amsmath\amsbsy.sty"
Package: amsbsy 1999/11/29 v1.2d
\pmbraise@=\dimen149
)
("C:\Program Files\MiKTeX 2.9\tex\latex\amsmath\amsopn.sty"
Package: amsopn 1999/12/14 v2.01 operator names
)
\inf@bad=\count125
LaTeX Info: Redefining \frac on input line 210.
\uproot@=\count126
\leftroot@=\count127
LaTeX Info: Redefining \overline on input line 306.
\classnum@=\count128
\DOTSCASE@=\count129
LaTeX Info: Redefining \ldots on input line 378.
LaTeX Info: Redefining \dots on input line 381.
LaTeX Info: Redefining \cdots on input line 466.
\Mathstrutbox@=\box56
\strutbox@=\box57
\big@size=\dimen150
LaTeX Font Info:    Redeclaring font encoding OML on input line 566.
LaTeX Font Info:    Redeclaring font encoding OMS on input line 567.
\macc@depth=\count130
\c@MaxMatrixCols=\count131
\dotsspace@=\muskip10
\c@parentequation=\count132
\dspbrk@lvl=\count133
\tag@help=\toks26
\row@=\count134
\column@=\count135
\maxfields@=\count136
\andhelp@=\toks27
\eqnshift@=\dimen151
\alignsep@=\dimen152
\tagshift@=\dimen153
\tagwidth@=\dimen154
\totwidth@=\dimen155
\lineht@=\dimen156
\@envbody=\toks28
\multlinegap=\skip46
\multlinetaggap=\skip47
\mathdisplay@stack=\toks29
LaTeX Info: Redefining \[ on input line 2665.
LaTeX Info: Redefining \] on input line 2666.
)
("C:\Program Files\MiKTeX 2.9\tex\latex\amsfonts\amssymb.sty"
Package: amssymb 2013/01/14 v3.01 AMS font symbols
)
("C:\Program Files\MiKTeX 2.9\tex\latex\amsfonts\eucal.sty"
Package: eucal 2009/06/22 v3.00 Euler Script fonts
LaTeX Font Info:    Overwriting math alphabet `\EuScript' in version `bold'
(Font)                  U/eus/m/n --> U/eus/b/n on input line 33.
)
("C:\Program Files\MiKTeX 2.9\tex\latex\tools\enumerate.sty"
Package: enumerate 2014/10/28 v3.00 enumerate extensions (DPC)
\@enLab=\toks30
)
("C:\Program Files\MiKTeX 2.9\tex\latex\hyperref\hyperref.sty"
Package: hyperref 2012/11/06 v6.83m Hypertext links for LaTeX

("C:\Program Files\MiKTeX 2.9\tex\generic\oberdiek\hobsub-hyperref.sty"
Package: hobsub-hyperref 2012/04/25 v1.12 Bundle oberdiek, subset hyperref (HO)


("C:\Program Files\MiKTeX 2.9\tex\generic\oberdiek\hobsub-generic.sty"
Package: hobsub-generic 2012/04/25 v1.12 Bundle oberdiek, subset generic (HO)
Package: hobsub 2012/04/25 v1.12 Construct package bundles (HO)
Package hobsub Info: Skipping package `infwarerr' (already loaded).
Package hobsub Info: Skipping package `ltxcmds' (already loaded).
Package: ifluatex 2010/03/01 v1.3 Provides the ifluatex switch (HO)
Package ifluatex Info: LuaTeX not detected.
Package: ifvtex 2010/03/01 v1.5 Detect VTeX and its facilities (HO)
Package ifvtex Info: VTeX not detected.
Package: intcalc 2007/09/27 v1.1 Expandable calculations with integers (HO)
Package hobsub Info: Skipping package `ifpdf' (already loaded).
Package: etexcmds 2011/02/16 v1.5 Avoid name clashes with e-TeX commands (HO)
Package etexcmds Info: Could not find \expanded.
(etexcmds)             That can mean that you are not using pdfTeX 1.50 or
(etexcmds)             that some package has redefined \expanded.
(etexcmds)             In the latter case, load this package earlier.
Package: kvsetkeys 2012/04/25 v1.16 Key value parser (HO)
Package: kvdefinekeys 2011/04/07 v1.3 Define keys (HO)
Package: pdftexcmds 2011/11/29 v0.20 Utility functions of pdfTeX for LuaTeX (HO
)
Package pdftexcmds Info: LuaTeX not detected.
Package pdftexcmds Info: \pdf@primitive is available.
Package pdftexcmds Info: \pdf@ifprimitive is available.
Package pdftexcmds Info: \pdfdraftmode found.
Package: pdfescape 2011/11/25 v1.13 Implements pdfTeX's escape features (HO)
Package: bigintcalc 2012/04/08 v1.3 Expandable calculations on big integers (HO
)
Package: bitset 2011/01/30 v1.1 Handle bit-vector datatype (HO)
Package: uniquecounter 2011/01/30 v1.2 Provide unlimited unique counter (HO)
)
Package hobsub Info: Skipping package `hobsub' (already loaded).
Package: letltxmacro 2010/09/02 v1.4 Let assignment for LaTeX macros (HO)
Package: hopatch 2011/06/24 v1.1 Wrapper for package hooks (HO)
Package: xcolor-patch 2011/01/30 xcolor patch
Package: atveryend 2011/06/30 v1.8 Hooks at the very end of document (HO)
Package atveryend Info: \enddocument detected (standard20110627).
Package: atbegshi 2011/10/05 v1.16 At begin shipout hook (HO)
Package: refcount 2011/10/16 v3.4 Data extraction from label references (HO)
Package: hycolor 2011/01/30 v1.7 Color options for hyperref/bookmark (HO)
)
("C:\Program Files\MiKTeX 2.9\tex\generic\ifxetex\ifxetex.sty"
Package: ifxetex 2010/09/12 v0.6 Provides ifxetex conditional
)
("C:\Program Files\MiKTeX 2.9\tex\latex\oberdiek\auxhook.sty"
Package: auxhook 2011/03/04 v1.3 Hooks for auxiliary files (HO)
)
("C:\Program Files\MiKTeX 2.9\tex\latex\oberdiek\kvoptions.sty"
Package: kvoptions 2011/06/30 v3.11 Key value format for package options (HO)
)
\@linkdim=\dimen157
\Hy@linkcounter=\count137
\Hy@pagecounter=\count138

("C:\Program Files\MiKTeX 2.9\tex\latex\hyperref\pd1enc.def"
File: pd1enc.def 2012/11/06 v6.83m Hyperref: PDFDocEncoding definition (HO)
Now handling font encoding PD1 ...
... no UTF-8 mapping file for font encoding PD1
)
\Hy@SavedSpaceFactor=\count139

("C:\Program Files\MiKTeX 2.9\tex\latex\00miktex\hyperref.cfg"
File: hyperref.cfg 2002/06/06 v1.2 hyperref configuration of TeXLive
)
Package hyperref Info: Hyper figures OFF on input line 4443.
Package hyperref Info: Link nesting OFF on input line 4448.
Package hyperref Info: Hyper index ON on input line 4451.
Package hyperref Info: Plain pages OFF on input line 4458.
Package hyperref Info: Backreferencing OFF on input line 4463.
Package hyperref Info: Implicit mode ON; LaTeX internals redefined.
Package hyperref Info: Bookmarks ON on input line 4688.
\c@Hy@tempcnt=\count140

("C:\Program Files\MiKTeX 2.9\tex\latex\url\url.sty"
\Urlmuskip=\muskip11
Package: url 2013/09/16  ver 3.4  Verb mode for urls, etc.
)
LaTeX Info: Redefining \url on input line 5041.
\XeTeXLinkMargin=\dimen158
\Fld@menulength=\count141
\Field@Width=\dimen159
\Fld@charsize=\dimen160
Package hyperref Info: Hyper figures OFF on input line 6295.
Package hyperref Info: Link nesting OFF on input line 6300.
Package hyperref Info: Hyper index ON on input line 6303.
Package hyperref Info: backreferencing OFF on input line 6310.
Package hyperref Info: Link coloring OFF on input line 6315.
Package hyperref Info: Link coloring with OCG OFF on input line 6320.
Package hyperref Info: PDF/A mode OFF on input line 6325.
LaTeX Info: Redefining \ref on input line 6365.
LaTeX Info: Redefining \pageref on input line 6369.
\Hy@abspage=\count142
\c@Item=\count143
\c@Hfootnote=\count144
)

Package hyperref Message: Driver (autodetected): hpdftex.

("C:\Program Files\MiKTeX 2.9\tex\latex\hyperref\hpdftex.def"
File: hpdftex.def 2012/11/06 v6.83m Hyperref driver for pdfTeX
\Fld@listcount=\count145
\c@bookmark@seq@number=\count146

("C:\Program Files\MiKTeX 2.9\tex\latex\oberdiek\rerunfilecheck.sty"
Package: rerunfilecheck 2011/04/15 v1.7 Rerun checks for auxiliary files (HO)
Package uniquecounter Info: New unique counter `rerunfilecheck' on input line 2
82.
)
\Hy@SectionHShift=\skip48
)
("C:\Program Files\MiKTeX 2.9\tex\latex\psnfss\mathptmx.sty"
Package: mathptmx 2005/04/12 PSNFSS-v9.2a Times w/ Math, improved (SPQR, WaS) 
LaTeX Font Info:    Redeclaring symbol font `operators' on input line 28.
LaTeX Font Info:    Overwriting symbol font `operators' in version `normal'
(Font)                  OT1/cmr/m/n --> OT1/ztmcm/m/n on input line 28.
LaTeX Font Info:    Overwriting symbol font `operators' in version `bold'
(Font)                  OT1/cmr/bx/n --> OT1/ztmcm/m/n on input line 28.
LaTeX Font Info:    Redeclaring symbol font `letters' on input line 29.
LaTeX Font Info:    Overwriting symbol font `letters' in version `normal'
(Font)                  OML/cmm/m/it --> OML/ztmcm/m/it on input line 29.
LaTeX Font Info:    Overwriting symbol font `letters' in version `bold'
(Font)                  OML/cmm/b/it --> OML/ztmcm/m/it on input line 29.
LaTeX Font Info:    Redeclaring symbol font `symbols' on input line 30.
LaTeX Font Info:    Overwriting symbol font `symbols' in version `normal'
(Font)                  OMS/cmsy/m/n --> OMS/ztmcm/m/n on input line 30.
LaTeX Font Info:    Overwriting symbol font `symbols' in version `bold'
(Font)                  OMS/cmsy/b/n --> OMS/ztmcm/m/n on input line 30.
LaTeX Font Info:    Redeclaring symbol font `largesymbols' on input line 31.
LaTeX Font Info:    Overwriting symbol font `largesymbols' in version `normal'
(Font)                  OMX/cmex/m/n --> OMX/ztmcm/m/n on input line 31.
LaTeX Font Info:    Overwriting symbol font `largesymbols' in version `bold'
(Font)                  OMX/cmex/m/n --> OMX/ztmcm/m/n on input line 31.
\symbold=\mathgroup6
\symitalic=\mathgroup7
LaTeX Font Info:    Redeclaring math alphabet \mathbf on input line 34.
LaTeX Font Info:    Overwriting math alphabet `\mathbf' in version `normal'
(Font)                  OT1/cmr/bx/n --> OT1/ptm/bx/n on input line 34.
LaTeX Font Info:    Overwriting math alphabet `\mathbf' in version `bold'
(Font)                  OT1/cmr/bx/n --> OT1/ptm/bx/n on input line 34.
LaTeX Font Info:    Redeclaring math alphabet \mathit on input line 35.
LaTeX Font Info:    Overwriting math alphabet `\mathit' in version `normal'
(Font)                  OT1/cmr/m/it --> OT1/ptm/m/it on input line 35.
LaTeX Font Info:    Overwriting math alphabet `\mathit' in version `bold'
(Font)                  OT1/cmr/bx/it --> OT1/ptm/m/it on input line 35.
LaTeX Info: Redefining \hbar on input line 50.
)
("C:\Program Files\MiKTeX 2.9\tex\latex\multirow\multirow.sty"
\bigstrutjot=\dimen161
)
("C:\Program Files\MiKTeX 2.9\tex\latex\graphics\color.sty"
Package: color 2014/10/28 v1.1a Standard LaTeX Color (DPC)

("C:\Program Files\MiKTeX 2.9\tex\latex\00miktex\color.cfg"
File: color.cfg 2007/01/18 v1.5 color configuration of teTeX/TeXLive
)
Package color Info: Driver file: pdftex.def on input line 137.

("C:\Program Files\MiKTeX 2.9\tex\latex\graphics\dvipsnam.def"
File: dvipsnam.def 2014/10/14 v3.0j Driver-dependent file (DPC,SPQR)
))
("C:\Program Files\MiKTeX 2.9\tex\latex\tools\tabularx.sty"
Package: tabularx 2014/10/28 v2.10 `tabularx' package (DPC)

("C:\Program Files\MiKTeX 2.9\tex\latex\tools\array.sty"
Package: array 2014/10/28 v2.4c Tabular extension package (FMi)
\col@sep=\dimen162
\extrarowheight=\dimen163
\NC@list=\toks31
\extratabsurround=\skip49
\backup@length=\skip50
)
\TX@col@width=\dimen164
\TX@old@table=\dimen165
\TX@old@col=\dimen166
\TX@target=\dimen167
\TX@delta=\dimen168
\TX@cols=\count147
\TX@ftn=\toks32
)
("C:\Program Files\MiKTeX 2.9\tex\latex\colortbl\colortbl.sty"
Package: colortbl 2012/02/13 v1.0a Color table columns (DPC)
\everycr=\toks33
\minrowclearance=\skip51
)
("C:\Program Files\MiKTeX 2.9\tex\latex\xcolor\xcolor.sty"
Package: xcolor 2007/01/21 v2.11 LaTeX color extensions (UK)

("C:\Program Files\MiKTeX 2.9\tex\latex\00miktex\color.cfg"
File: color.cfg 2007/01/18 v1.5 color configuration of teTeX/TeXLive
)
Package xcolor Info: Driver file: pdftex.def on input line 225.
LaTeX Info: Redefining \color on input line 702.
Package xcolor Info: Model `cmy' substituted by `cmy0' on input line 1337.
Package xcolor Info: Model `hsb' substituted by `rgb' on input line 1341.
Package xcolor Info: Model `RGB' extended on input line 1353.
Package xcolor Info: Model `HTML' substituted by `rgb' on input line 1355.
Package xcolor Info: Model `Hsb' substituted by `hsb' on input line 1356.
Package xcolor Info: Model `tHsb' substituted by `hsb' on input line 1357.
Package xcolor Info: Model `HSB' substituted by `hsb' on input line 1358.
Package xcolor Info: Model `Gray' substituted by `gray' on input line 1359.
Package xcolor Info: Model `wave' substituted by `hsb' on input line 1360.
)
("C:\Program Files\MiKTeX 2.9\tex\latex\listings\listings.sty"
\lst@mode=\count148
\lst@gtempboxa=\box58
\lst@token=\toks34
\lst@length=\count149
\lst@currlwidth=\dimen169
\lst@column=\count150
\lst@pos=\count151
\lst@lostspace=\dimen170
\lst@width=\dimen171
\lst@newlines=\count152
\lst@lineno=\count153
\lst@maxwidth=\dimen172

("C:\Program Files\MiKTeX 2.9\tex\latex\listings\lstmisc.sty"
File: lstmisc.sty 2014/09/06 1.5e (Carsten Heinz)
\c@lstnumber=\count154
\lst@skipnumbers=\count155
\lst@framebox=\box59
)
("C:\Program Files\MiKTeX 2.9\tex\latex\listings\listings.cfg"
File: listings.cfg 2014/09/06 1.5e listings configuration
))
Package: listings 2014/09/06 1.5e (Carsten Heinz)

("C:\Program Files\MiKTeX 2.9\tex\latex\listings\lstlang1.sty"
File: lstlang1.sty 2014/09/06 1.5e listings language file
)
\symusualmathcal=\mathgroup8
LaTeX Font Info:    Redeclaring symbol font `letters' on input line 59.
LaTeX Font Info:    Overwriting symbol font `letters' in version `normal'
(Font)                  OML/ztmcm/m/it --> OML/txmi/m/it on input line 59.
LaTeX Font Info:    Overwriting symbol font `letters' in version `bold'
(Font)                  OML/ztmcm/m/it --> OML/txmi/m/it on input line 59.
LaTeX Font Info:    Redeclaring math symbol \alpha on input line 61.
LaTeX Font Info:    Redeclaring math symbol \beta on input line 62.
LaTeX Font Info:    Redeclaring math symbol \gamma on input line 63.
LaTeX Font Info:    Redeclaring math symbol \delta on input line 64.
LaTeX Font Info:    Redeclaring math symbol \epsilon on input line 65.
LaTeX Font Info:    Redeclaring math symbol \zeta on input line 66.
LaTeX Font Info:    Redeclaring math symbol \eta on input line 67.
LaTeX Font Info:    Redeclaring math symbol \theta on input line 68.
LaTeX Font Info:    Redeclaring math symbol \iota on input line 69.
LaTeX Font Info:    Redeclaring math symbol \kappa on input line 70.
LaTeX Font Info:    Redeclaring math symbol \lambda on input line 71.
LaTeX Font Info:    Redeclaring math symbol \mu on input line 72.
LaTeX Font Info:    Redeclaring math symbol \nu on input line 73.
LaTeX Font Info:    Redeclaring math symbol \xi on input line 74.
LaTeX Font Info:    Redeclaring math symbol \pi on input line 75.
LaTeX Font Info:    Redeclaring math symbol \rho on input line 76.
LaTeX Font Info:    Redeclaring math symbol \sigma on input line 77.
LaTeX Font Info:    Redeclaring math symbol \tau on input line 78.
LaTeX Font Info:    Redeclaring math symbol \upsilon on input line 79.
LaTeX Font Info:    Redeclaring math symbol \phi on input line 80.
LaTeX Font Info:    Redeclaring math symbol \chi on input line 81.
LaTeX Font Info:    Redeclaring math symbol \psi on input line 82.
LaTeX Font Info:    Redeclaring math symbol \omega on input line 83.
LaTeX Font Info:    Redeclaring math symbol \varepsilon on input line 84.
LaTeX Font Info:    Redeclaring math symbol \vartheta on input line 85.
LaTeX Font Info:    Redeclaring math symbol \varpi on input line 86.
LaTeX Font Info:    Redeclaring math symbol \varrho on input line 87.
LaTeX Font Info:    Redeclaring math symbol \varsigma on input line 88.
LaTeX Font Info:    Redeclaring math symbol \varphi on input line 89.
LaTeX Font Info:    Redeclaring math symbol \Gamma on input line 90.
LaTeX Font Info:    Redeclaring math symbol \Delta on input line 91.
LaTeX Font Info:    Redeclaring math symbol \Theta on input line 92.
LaTeX Font Info:    Redeclaring math symbol \Lambda on input line 93.
LaTeX Font Info:    Redeclaring math symbol \Xi on input line 94.
LaTeX Font Info:    Redeclaring math symbol \Pi on input line 95.
LaTeX Font Info:    Redeclaring math symbol \Sigma on input line 96.
LaTeX Font Info:    Redeclaring math symbol \Upsilon on input line 97.
LaTeX Font Info:    Redeclaring math symbol \Phi on input line 98.
LaTeX Font Info:    Redeclaring math symbol \Psi on input line 99.
LaTeX Font Info:    Redeclaring math symbol \Omega on input line 100.
LaTeX Font Info:    Redeclaring math symbol \upGamma on input line 101.
LaTeX Font Info:    Redeclaring math symbol \upDelta on input line 102.
LaTeX Font Info:    Redeclaring math symbol \upTheta on input line 103.
LaTeX Font Info:    Redeclaring math symbol \upLambda on input line 104.
LaTeX Font Info:    Redeclaring math symbol \upXi on input line 105.
LaTeX Font Info:    Redeclaring math symbol \upPi on input line 106.
LaTeX Font Info:    Redeclaring math symbol \upSigma on input line 107.
LaTeX Font Info:    Redeclaring math symbol \upUpsilon on input line 108.
LaTeX Font Info:    Redeclaring math symbol \upPhi on input line 109.
LaTeX Font Info:    Redeclaring math symbol \upPsi on input line 110.
LaTeX Font Info:    Redeclaring math symbol \upOmega on input line 111.

("Delrapport 4.aux")
LaTeX Font Info:    Checking defaults for OML/cmm/m/it on input line 116.
LaTeX Font Info:    ... okay on input line 116.
LaTeX Font Info:    Checking defaults for T1/cmr/m/n on input line 116.
LaTeX Font Info:    ... okay on input line 116.
LaTeX Font Info:    Checking defaults for OT1/cmr/m/n on input line 116.
LaTeX Font Info:    ... okay on input line 116.
LaTeX Font Info:    Checking defaults for OMS/cmsy/m/n on input line 116.
LaTeX Font Info:    ... okay on input line 116.
LaTeX Font Info:    Checking defaults for OMX/cmex/m/n on input line 116.
LaTeX Font Info:    ... okay on input line 116.
LaTeX Font Info:    Checking defaults for U/cmr/m/n on input line 116.
LaTeX Font Info:    ... okay on input line 116.
LaTeX Font Info:    Checking defaults for PD1/pdf/m/n on input line 116.
LaTeX Font Info:    ... okay on input line 116.
LaTeX Font Info:    Try loading font information for T1+ptm on input line 116.
 ("C:\Program Files\MiKTeX 2.9\tex\latex\psnfss\t1ptm.fd"
File: t1ptm.fd 2001/06/04 font definitions for T1/ptm.
)
LaTeX Font Info:    Try loading font information for OT1+ztmcm on input line 11
6.

("C:\Program Files\MiKTeX 2.9\tex\latex\psnfss\ot1ztmcm.fd"
File: ot1ztmcm.fd 2000/01/03 Fontinst v1.801 font definitions for OT1/ztmcm.
)
LaTeX Font Info:    Try loading font information for OML+txmi on input line 116
.

("C:\Program Files\MiKTeX 2.9\tex\latex\txfonts\omltxmi.fd"
File: omltxmi.fd 2000/12/15 v3.1
)
LaTeX Font Info:    Try loading font information for OMS+ztmcm on input line 11
6.

("C:\Program Files\MiKTeX 2.9\tex\latex\psnfss\omsztmcm.fd"
File: omsztmcm.fd 2000/01/03 Fontinst v1.801 font definitions for OMS/ztmcm.
)
LaTeX Font Info:    Try loading font information for OMX+ztmcm on input line 11
6.

("C:\Program Files\MiKTeX 2.9\tex\latex\psnfss\omxztmcm.fd"
File: omxztmcm.fd 2000/01/03 Fontinst v1.801 font definitions for OMX/ztmcm.
)
LaTeX Font Info:    Try loading font information for U+msa on input line 116.

("C:\Program Files\MiKTeX 2.9\tex\latex\amsfonts\umsa.fd"
File: umsa.fd 2013/01/14 v3.01 AMS symbols A
)
LaTeX Font Info:    Try loading font information for U+msb on input line 116.

("C:\Program Files\MiKTeX 2.9\tex\latex\amsfonts\umsb.fd"
File: umsb.fd 2013/01/14 v3.01 AMS symbols B
)
LaTeX Font Info:    Try loading font information for OT1+ptm on input line 116.


("C:\Program Files\MiKTeX 2.9\tex\latex\psnfss\ot1ptm.fd"
File: ot1ptm.fd 2001/06/04 font definitions for OT1/ptm.
)
LaTeX Font Info:    Font shape `OT1/ptm/bx/n' in size <12> not available
(Font)              Font shape `OT1/ptm/b/n' tried instead on input line 116.
LaTeX Font Info:    Font shape `OT1/ptm/bx/n' in size <9> not available
(Font)              Font shape `OT1/ptm/b/n' tried instead on input line 116.
LaTeX Font Info:    Font shape `OT1/ptm/bx/n' in size <7> not available
(Font)              Font shape `OT1/ptm/b/n' tried instead on input line 116.
Package xypdf Info: Line width: 0.47987pt on input line 116.

("C:\Program Files\MiKTeX 2.9\tex\context\base\supp-pdf.mkii"
[Loading MPS to PDF converter (version 2006.09.02).]
\scratchcounter=\count156
\scratchdimen=\dimen173
\scratchbox=\box60
\nofMPsegments=\count157
\nofMParguments=\count158
\everyMPshowfont=\toks35
\MPscratchCnt=\count159
\MPscratchDim=\dimen174
\MPnumerator=\count160
\makeMPintoPDFobject=\count161
\everyMPtoPDFconversion=\toks36
)
\AtBeginShipoutBox=\box61
Package hyperref Info: Link coloring OFF on input line 116.
 ("C:\Program Files\MiKTeX 2.9\tex\latex\hyperref\nameref.sty"
Package: nameref 2012/10/27 v2.43 Cross-referencing by name of section

("C:\Program Files\MiKTeX 2.9\tex\generic\oberdiek\gettitlestring.sty"
Package: gettitlestring 2010/12/03 v1.4 Cleanup title references (HO)
)
\c@section@level=\count162
)
LaTeX Info: Redefining \ref on input line 116.
LaTeX Info: Redefining \pageref on input line 116.
LaTeX Info: Redefining \nameref on input line 116.

("Delrapport 4.out") ("Delrapport 4.out")
\@outlinefile=\write4
\c@lstlisting=\count163

<KULogo.pdf, id=143, 146.5475pt x 202.7575pt>
File: KULogo.pdf Graphic file (type pdf)
 <use KULogo.pdf>
Package pdftex.def Info: KULogo.pdf used on input line 119.
(pdftex.def)             Requested size: 102.82626pt x 142.26378pt.
LaTeX Font Info:    Font shape `T1/ptm/bx/n' in size <24.88> not available
(Font)              Font shape `T1/ptm/b/n' tried instead on input line 124.
 [1

{C:/ProgramData/MiKTeX/2.9/pdftex/config/pdftex.map} <./KULogo.pdf>]
LaTeX Font Info:    Font shape `T1/ptm/bx/n' in size <17.28> not available
(Font)              Font shape `T1/ptm/b/n' tried instead on input line 138.
 ("Delrapport 4.toc"
LaTeX Font Info:    Font shape `T1/ptm/bx/n' in size <12> not available
(Font)              Font shape `T1/ptm/b/n' tried instead on input line 1.

[2])
\tf@toc=\write5
 [3]
LaTeX Font Info:    Font shape `T1/ptm/bx/n' in size <14.4> not available
(Font)              Font shape `T1/ptm/b/n' tried instead on input line 142.
 [4] [5]
Underfull \hbox (badness 10000) in paragraph at lines 179--180

 []

LaTeX Font Info:    Try loading font information for OMS+ptm on input line 183.

("C:\Program Files\MiKTeX 2.9\tex\latex\psnfss\omsptm.fd"
File: omsptm.fd 
)
LaTeX Font Info:    Font shape `OMS/ptm/m/n' in size <12> not available
(Font)              Font shape `OMS/cmsy/m/n' tried instead on input line 183.

Underfull \hbox (badness 10000) in paragraph at lines 190--191

 []

[6] <UseCase.png, id=210, 404.51125pt x 425.59pt>
File: UseCase.png Graphic file (type png)
 <use UseCase.png>
Package pdftex.def Info: UseCase.png used on input line 204.
(pdftex.def)             Requested size: 324.54146pt x 341.43306pt.

Underfull \hbox (badness 10000) in paragraph at lines 206--216

 []

[7 <./UseCase.png>]
Underfull \hbox (badness 10000) in paragraph at lines 228--229

 []


Overfull \hbox (6.30807pt too wide) in paragraph at lines 230--248
[]$[]$ 
 []


Underfull \hbox (badness 10000) in paragraph at lines 230--248

 []


Underfull \hbox (badness 10000) in paragraph at lines 249--251

 []


Overfull \hbox (6.03226pt too wide) in paragraph at lines 252--273
[]$[]$ 
 []


Underfull \hbox (badness 10000) in paragraph at lines 252--273

 []


Underfull \hbox (badness 10000) in paragraph at lines 252--273

 []


Overfull \hbox (6.03226pt too wide) in paragraph at lines 274--295
[]$[]$ 
 []


Underfull \hbox (badness 10000) in paragraph at lines 274--295

 []

[8] <ClassDiagram.png, id=222, 696.6025pt x 522.95375pt>
File: ClassDiagram.png Graphic file (type png)

<use ClassDiagram.png>
Package pdftex.def Info: ClassDiagram.png used on input line 303.
(pdftex.def)             Requested size: 416.91243pt x 312.9803pt.
 [9 <./ClassDiagram.png>]
Underfull \hbox (badness 10000) in paragraph at lines 321--323

 []


Underfull \hbox (badness 10000) in paragraph at lines 324--325

 []


Underfull \hbox (badness 10000) in paragraph at lines 327--328

 []


Underfull \hbox (badness 10000) in paragraph at lines 329--330

 []


Underfull \hbox (badness 10000) in paragraph at lines 331--332

 []

[10]
Underfull \hbox (badness 10000) in paragraph at lines 342--344

 []


Underfull \hbox (badness 10000) in paragraph at lines 345--346

 []

<Sequence1.pdf, id=234, 325.81726pt x 171.30249pt>
File: Sequence1.pdf Graphic file (type pdf)
 <use Sequence1.pdf>
Package pdftex.def Info: Sequence1.pdf used on input line 347.
(pdftex.def)             Requested size: 497.93698pt x 261.76535pt.

Overfull \hbox (28.46652pt too wide) in paragraph at lines 347--348
[][] 
 []


Underfull \hbox (badness 10000) in paragraph at lines 349--350

 []

<Sequence2.jpg, id=235, 729.72626pt x 346.29375pt>
File: Sequence2.jpg Graphic file (type jpg)
 <use Sequence2.jpg>
Package pdftex.def Info: Sequence2.jpg used on input line 351.
(pdftex.def)             Requested size: 515.63737pt x 244.6937pt.

Overfull \hbox (46.16692pt too wide) in paragraph at lines 351--355
[][]
 []


Underfull \hbox (badness 10000) in paragraph at lines 351--355

 []

[11 <./Sequence1.pdf> <./Sequence2.jpg>]
Underfull \hbox (badness 10000) in paragraph at lines 356--357

 []

<Sequence3.jpg, id=243, 638.385pt x 346.29375pt>
File: Sequence3.jpg Graphic file (type jpg)
 <use Sequence3.jpg>
Package pdftex.def Info: Sequence3.jpg used on input line 358.
(pdftex.def)             Requested size: 482.56705pt x 261.76535pt.

Overfull \hbox (13.09659pt too wide) in paragraph at lines 358--359
[][] 
 []

[12 <./Sequence3.jpg>]
LaTeX Font Info:    Try loading font information for T1+cmtt on input line 365.

 ("C:\Program Files\MiKTeX 2.9\tex\latex\base\t1cmtt.fd"
File: t1cmtt.fd 2014/09/29 v2.5h Standard LaTeX font definitions
)
Overfull \hbox (15.67694pt too wide) in paragraph at lines 365--366
\T1/ptm/m/n/12 The Pro-to-type of our prod-uct can be found and ac-cessed at: [
]$\T1/cmtt/m/n/12 http : / / echiever . de / ProjectBeetle /$
 []

[13]
Underfull \hbox (badness 10000) in paragraph at lines 398--409

 []


Underfull \hbox (badness 10000) in paragraph at lines 398--409

 []

[14] <UI1.pdf, id=260, 597.23125pt x 845.1575pt>
File: UI1.pdf Graphic file (type pdf)
 <use UI1.pdf>
Package pdftex.def Info: UI1.pdf used on input line 418.
(pdftex.def)             Requested size: 412.19025pt x 583.2815pt.
 [15 <./UI1.pdf>] <UI2.pdf, id=286, 597.23125pt x 845.1575pt>
File: UI2.pdf Graphic file (type pdf)
 <use UI2.pdf>
Package pdftex.def Info: UI2.pdf used on input line 420.
(pdftex.def)             Requested size: 452.39682pt x 640.187pt.
 [16 <./UI2.pdf>]
<UI3.pdf, id=312, 597.23125pt x 845.1575pt>
File: UI3.pdf Graphic file (type pdf)
 <use UI3.pdf>
Package pdftex.def Info: UI3.pdf used on input line 422.
(pdftex.def)             Requested size: 452.39682pt x 640.187pt.

Underfull \hbox (badness 10000) in paragraph at lines 422--423

 []

<Flowchart.png, id=313, 732.7375pt x 589.20125pt> [17 <./UI3.pdf>]
File: Flowchart.png Graphic file (type png)

<use Flowchart.png>
Package pdftex.def Info: Flowchart.png used on input line 428.
(pdftex.def)             Requested size: 477.69368pt x 384.1122pt.

Overfull \hbox (8.22322pt too wide) in paragraph at lines 428--429
[][] 
 []

[18 <./Flowchart.png>]
Underfull \hbox (badness 10000) in paragraph at lines 442--449

 []


Underfull \hbox (badness 10000) in paragraph at lines 450--453

 []

[19] [20] [21]
Underfull \hbox (badness 10000) in paragraph at lines 479--484

 []

[22]
Underfull \hbox (badness 10000) in paragraph at lines 491--501

 []


Underfull \hbox (badness 10000) in paragraph at lines 491--501

 []


Underfull \hbox (badness 10000) in paragraph at lines 491--501

 []

[23]
Overfull \hbox (33.20549pt too wide) in paragraph at lines 503--507
\T1/ptm/m/n/12 com-mit 8b20be842e7ca59aae72ecfce593dd778557bbef Au-thor: Ar-cae
des <casper.lutzhoft@gmail.com>
 []


Overfull \hbox (1.37016pt too wide) in paragraph at lines 513--516
[]\T1/ptm/m/n/12 commit 4577a9e9206e201af0fc710b2b7de0a6965abe6c Au-thor: gol1c
 <enes-golic@live.dk> Date:
 []


Overfull \hbox (4.61055pt too wide) in paragraph at lines 519--522
[]\T1/ptm/m/n/12 commit 1998637a88ad45fb73d849a36549fa09b672e275 Au-thor: gol1c
 <enes-golic@live.dk> Date:
 []


Overfull \hbox (41.1866pt too wide) in paragraph at lines 529--532
[]\T1/ptm/m/n/12 commit fdc578f2ad24b14117933608cfd003ccbb3bf975 Au-thor: Tor-S
alve <tor-salve.dalsgaard@yahoo.de>
 []


Overfull \hbox (37.1184pt too wide) in paragraph at lines 538--541
[]\T1/ptm/m/n/12 commit 40204ffe9ce061bfac294dd88706b8ff56a6ba67 Au-thor: Tor-S
alve <tor-salve.dalsgaard@yahoo.de>
 []


Overfull \hbox (37.22575pt too wide) in paragraph at lines 544--547
[]\T1/ptm/m/n/12 commit 675c39836aa2571093c5c1f3207114a2a48e7cb4 Au-thor: Ar-ca
edes <casper.lutzhoft@gmail.com>
 []


Overfull \hbox (32.42561pt too wide) in paragraph at lines 553--556
[]\T1/ptm/m/n/12 commit 195c0a39d9634e79a6fca7dfaa56f11c409c8105 Au-thor: Ar-ca
edes <casper.lutzhoft@gmail.com>
 []


Overfull \hbox (46.52666pt too wide) in paragraph at lines 569--572
[]\T1/ptm/m/n/12 commit a53631f150dd4b5a2409e2e9d479b71cb99c95b0 Au-thor: Tor-S
alve <tor-salve.dalsgaard@yahoo.de>
 []


Overfull \hbox (37.83841pt too wide) in paragraph at lines 575--578
[]\T1/ptm/m/n/12 commit 6434af45e72392dab6c3f401fef5465cf545cb50 Au-thor: Tor-S
alve <tor-salve.dalsgaard@yahoo.de>
 []


Overfull \hbox (40.39455pt too wide) in paragraph at lines 581--584
[]\T1/ptm/m/n/12 commit 4cd0fdc87fe731176b8d145f8550e109e1fa1497 Au-thor: Tor-S
alve <tor-salve.dalsgaard@yahoo.de>
 []

[24]
Overfull \hbox (45.85458pt too wide) in paragraph at lines 587--590
[]\T1/ptm/m/n/12 commit bd3b4eba5f5aa239041215ab111d2d0bae4d4489 Au-thor: Tor-S
alve <tor-salve.dalsgaard@yahoo.de>
 []


Overfull \hbox (36.57803pt too wide) in paragraph at lines 595--598
[]\T1/ptm/m/n/12 commit 20061346a0c24845a210b70a8354393f54bf563f Au-thor: Ar-ca
edes <casper.lutzhoft@gmail.com>
 []


Overfull \hbox (18.27907pt too wide) in paragraph at lines 603--606
[]\T1/ptm/m/n/12 commit e93c13891bb4264b7d0a729a14d5be02105f79aa Au-thor: yunus
73 <yun933141@gmail.com>
 []


Overfull \hbox (28.7774pt too wide) in paragraph at lines 609--612
[]\T1/ptm/m/n/12 commit 75f7cadce41820ca3cc82e31ffad9b3fbaabd98d Au-thor: Ar-ca
edes <casper.lutzhoft@gmail.com>
 []


Overfull \hbox (17.31915pt too wide) in paragraph at lines 617--620
[]\T1/ptm/m/n/12 commit d6be929036b7d326017adc96a4d680b09ff6c180 Au-thor: yunus
73 <yun933141@gmail.com>
 []


Overfull \hbox (1.38234pt too wide) in paragraph at lines 623--626
[]\T1/ptm/m/n/12 commit bb6a58e6dcc960b80874ef0f20a69f3c22d2d997 Au-thor: gol1c
 <enes-golic@live.dk> Date:
 []


Overfull \hbox (43.17847pt too wide) in paragraph at lines 631--634
[]\T1/ptm/m/n/12 commit 87c8d0e13cc2c07cf6d31e6ddd19bb1b031f89dc Au-thor: Tor-S
alve <tor-salve.dalsgaard@yahoo.de>
 []


Overfull \hbox (37.2501pt too wide) in paragraph at lines 637--640
[]\T1/ptm/m/n/12 commit a2f101fd1d53f2a48a609b4248973931d2246762 Au-thor: Ar-ca
edes <casper.lutzhoft@gmail.com>
 []


Overfull \hbox (43.85054pt too wide) in paragraph at lines 646--649
[]\T1/ptm/m/n/12 commit 0e78c2f140753bee0c9d81675f9a4be3b8b80b62 Au-thor: Tor-S
alve <tor-salve.dalsgaard@yahoo.de>
 []


Overfull \hbox (6.0625pt too wide) in paragraph at lines 652--655
[]\T1/ptm/m/n/12 commit 36289677a765ca0b1233cd127c299446420a61f6 Au-thor: gol1c
 <enes-golic@live.dk> Date:
 []

[25]
Overfull \hbox (43.19064pt too wide) in paragraph at lines 668--671
[]\T1/ptm/m/n/12 commit 696e4999ede32af3353b7b76f32b9f7d50d14e85 Au-thor: Tor-S
alve <tor-salve.dalsgaard@yahoo.de>
 []


Overfull \hbox (41.93027pt too wide) in paragraph at lines 674--677
[]\T1/ptm/m/n/12 commit 7757964b1829bbb72615b62835f3865b36c4eb94 Au-thor: Ar-ca
edes <casper.lutzhoft@gmail.com>
 []


Overfull \hbox (41.85867pt too wide) in paragraph at lines 683--686
[]\T1/ptm/m/n/12 commit f7b07df6661d4d4e7b28feded204a7b24f27b559 Au-thor: Tor-S
alve <tor-salve.dalsgaard@yahoo.de>
 []


Overfull \hbox (38.4983pt too wide) in paragraph at lines 689--692
[]\T1/ptm/m/n/12 commit 298c0df1a827d7abe8e8f64ab4dbfcae728814fd Au-thor: Tor-S
alve <tor-salve.dalsgaard@yahoo.de>
 []


Overfull \hbox (20.29529pt too wide) in paragraph at lines 695--698
[]\T1/ptm/m/n/12 commit 5370d72b85a93d892e3ab1788d7b54f288c55842 Au-thor: yunus
73 <yun933141@gmail.com>
 []


Overfull \hbox (16.93492pt too wide) in paragraph at lines 701--704
[]\T1/ptm/m/n/12 commit b0eee357d0624164d6b055d0f920a88be07eeee4 Au-thor: yunus
73 <yun933141@gmail.com>
 []


Overfull \hbox (11.29485pt too wide) in paragraph at lines 707--710
[]\T1/ptm/m/n/12 commit 3045fee9ccf70078c5da93925c67dff383287c11 Au-thor: yunus
73 <yun933141@gmail.com>
 []


Overfull \hbox (4.443pt too wide) in paragraph at lines 720--724
[]\T1/ptm/m/n/12 Conflicts: Del-rap-port 1/1 op-gaver.log Del-rap-port 1/1 op-g
aver.pdf Del-rap-port 1/1 op-gaver.synctex.gz 
 []


Overfull \hbox (39.24197pt too wide) in paragraph at lines 725--728
[]\T1/ptm/m/n/12 commit db797ee5d68ac6723f919d152a86b9033875327a Au-thor: Ar-ca
edes <casper.lutzhoft@gmail.com>
 []


Overfull \hbox (16.2872pt too wide) in paragraph at lines 731--734
[]\T1/ptm/m/n/12 commit 8ee517f6998900948287d6f762d72902b5f959ce Au-thor: yunus
73 <yun933141@gmail.com>
 []


Overfull \hbox (32.41344pt too wide) in paragraph at lines 737--740
[]\T1/ptm/m/n/12 commit ebe615ae222932117f361dcfa6db94c4e96caaaa Au-thor: Ar-ca
edes <casper.lutzhoft@gmail.com>
 []

[26]
Overfull \hbox (34.32185pt too wide) in paragraph at lines 745--748
[]\T1/ptm/m/n/12 commit 339fa41b0ea5833d997d0a3156fa393f777a91c2 Au-thor: Ar-ca
edes <casper.lutzhoft@gmail.com>
 []


Overfull \hbox (4.07063pt too wide) in paragraph at lines 753--756
[]\T1/ptm/m/n/12 commit 0d21845509f086db663ddd3e1f9bc837a48431f0 Au-thor: gol1c
 <enes-golic@live.dk> Date:
 []


Overfull \hbox (13.58673pt too wide) in paragraph at lines 764--767
[]\T1/ptm/m/n/12 commit c129a2c8d39a08817ae8b1af6f4e66e52b70c8e3 Au-thor: yunus
73 <yun933141@gmail.com>
 []


Overfull \hbox (15.48297pt too wide) in paragraph at lines 772--775
[]\T1/ptm/m/n/12 commit b0d9a30e25ab130b74aae20dfc13751086fad25d Au-thor: yunus
73 <yun933141@gmail.com>
 []


Overfull \hbox (9.45866pt too wide) in paragraph at lines 780--783
[]\T1/ptm/m/n/12 commit c477a2f0b1cd43f3e8c5f5fad3ee5610d45ec5a9 Au-thor: yunus
73 <yun933141@gmail.com>
 []


Overfull \hbox (42.5064pt too wide) in paragraph at lines 788--791
[]\T1/ptm/m/n/12 commit 57514365ae01e66fc840a1a83a9179da99af024b Au-thor: Tor-S
alve <tor-salve.dalsgaard@yahoo.de>
 []


Overfull \hbox (6.73457pt too wide) in paragraph at lines 794--797
[]\T1/ptm/m/n/12 commit 6d0c506dba8431f54e9981bc898c830886223327 Au-thor: gol1c
 <enes-golic@live.dk> Date:
 []


Overfull \hbox (2.72649pt too wide) in paragraph at lines 800--803
[]\T1/ptm/m/n/12 commit 0df006f92077a6b459be84ea12024602cf1d2085 Au-thor: gol1c
 <enes-golic@live.dk> Date:
 []


Overfull \hbox (42.51857pt too wide) in paragraph at lines 806--809
[]\T1/ptm/m/n/12 commit f2cdb6502564f898d552c8f5155ea625e0bad597 Au-thor: Tor-S
alve <tor-salve.dalsgaard@yahoo.de>
 []


Overfull \hbox (41.17442pt too wide) in paragraph at lines 812--815
[]\T1/ptm/m/n/12 commit 783af0a7dd52a49736377bcf7fcad341bd6ae45b Au-thor: Tor-S
alve <tor-salve.dalsgaard@yahoo.de>
 []

[27]
Overfull \hbox (31.8857pt too wide) in paragraph at lines 820--823
[]\T1/ptm/m/n/12 commit 16bfea5826fec94696e582579f37c8fd2ec56984 Au-thor: Ar-ca
edes <casper.lutzhoft@gmail.com>
 []


Overfull \hbox (45.19469pt too wide) in paragraph at lines 828--831
[]\T1/ptm/m/n/12 commit 5c8451d83064b0c0b29857c8f75712a86f11ebb4 Au-thor: Tor-S
alve <tor-salve.dalsgaard@yahoo.de>
 []


Overfull \hbox (20.29529pt too wide) in paragraph at lines 836--839
[]\T1/ptm/m/n/12 commit dd63eb090704d7f502b7b79397047ad4976ad58e Au-thor: yunus
73 <yun933141@gmail.com>
 []


Overfull \hbox (45.8424pt too wide) in paragraph at lines 842--845
[]\T1/ptm/m/n/12 commit 6b0723be7163a375c2a9a2e5359a777d04aaa285 Au-thor: Tor-S
alve <tor-salve.dalsgaard@yahoo.de>
 []


Overfull \hbox (41.05444pt too wide) in paragraph at lines 848--851
[]\T1/ptm/m/n/12 commit be9faa6af526e161f19e2c7ad3d64877d004d380 Au-thor: Tor-S
alve <tor-salve.dalsgaard@yahoo.de>
 []


Overfull \hbox (45.86676pt too wide) in paragraph at lines 854--857
[]\T1/ptm/m/n/12 commit 078727206a345068ad71637c608e7fd16257f130 Au-thor: Tor-S
alve <tor-salve.dalsgaard@yahoo.de>
 []


Overfull \hbox (40.50235pt too wide) in paragraph at lines 860--863
[]\T1/ptm/m/n/12 commit 00a67141008584aed46537f9fe63f2aa2e6e86a7 Au-thor: Tor-S
alve <tor-salve.dalsgaard@yahoo.de>
 []


Overfull \hbox (39.2298pt too wide) in paragraph at lines 872--875
[]\T1/ptm/m/n/12 commit d20a46817e08e7613bc7a6b16d668e48cebc7b63 Au-thor: Ar-ca
edes <casper.lutzhoft@gmail.com>
 []


Overfull \hbox (35.10173pt too wide) in paragraph at lines 878--881
[]\T1/ptm/m/n/12 commit 96050dbd1e2b98be793fcd90607a0d36cefaba0a Au-thor: Ar-ca
edes <casper.lutzhoft@gmail.com>
 []


Overfull \hbox (21.62726pt too wide) in paragraph at lines 887--890
[]\T1/ptm/m/n/12 commit da46259144ba11472c71b59d9b5a23039996858c Au-thor: yunus
73 <yun933141@gmail.com>
 []

[28]
Overfull \hbox (46.51448pt too wide) in paragraph at lines 893--896
[]\T1/ptm/m/n/12 commit 4c5850dbebe4dc945c52d14bdcdd7d123677ace1 Au-thor: Tor-S
alve <tor-salve.dalsgaard@yahoo.de>
 []


Overfull \hbox (41.72652pt too wide) in paragraph at lines 899--902
[]\T1/ptm/m/n/12 commit fa8824f3801c8de0b346d385762fc8a090485a2e Au-thor: Tor-S
alve <tor-salve.dalsgaard@yahoo.de>
 []


Overfull \hbox (45.85458pt too wide) in paragraph at lines 905--908
[]\T1/ptm/m/n/12 commit 906e4ca7670e3a2340423a03b92635f3627a5041 Au-thor: Tor-S
alve <tor-salve.dalsgaard@yahoo.de>
 []


Overfull \hbox (32.55777pt too wide) in paragraph at lines 911--914
[]\T1/ptm/m/n/12 commit 0789c6f12293fd05c1f67e31535fbac089ec5b3d Au-thor: Ar-ca
edes <casper.lutzhoft@gmail.com>
 []


Overfull \hbox (47.85863pt too wide) in paragraph at lines 919--922
[]\T1/ptm/m/n/12 commit acb432477ecd86315b4c18059172ae99569b6194 Au-thor: Tor-S
alve <tor-salve.dalsgaard@yahoo.de>
 []


Overfull \hbox (5.4026pt too wide) in paragraph at lines 931--934
[]\T1/ptm/m/n/12 commit 9efec634675f963b5455292637582147676a557b Au-thor: gol1c
 <enes-golic@live.dk> Date:
 []


Overfull \hbox (2.71431pt too wide) in paragraph at lines 939--942
[]\T1/ptm/m/n/12 commit 13eef8153adf3e5c672ee19713b009108c0d0200 Au-thor: gol1c
 <enes-golic@live.dk> Date:
 []


Overfull \hbox (16.27502pt too wide) in paragraph at lines 947--950
[]\T1/ptm/m/n/12 commit 0851690c2269aa1347c9af60231434a85ed71df1 Au-thor: yunus
73 <yun933141@gmail.com>
 []

[29]
Overfull \hbox (22.8934pt too wide) detected at line 987
[]
 []


Underfull \hbox (badness 10000) in paragraph at lines 990--991

 []


Underfull \hbox (badness 10000) in paragraph at lines 993--996

 []


Underfull \hbox (badness 10000) in paragraph at lines 998--999

 []


Underfull \hbox (badness 10000) in paragraph at lines 1000--1002

 []

[30]
Underfull \hbox (badness 10000) in paragraph at lines 1003--1006

 []

[31]
Package atveryend Info: Empty hook `BeforeClearDocument' on input line 1014.
 [32]
Package atveryend Info: Empty hook `AfterLastShipout' on input line 1014.
 ("Delrapport 4.aux")
Package atveryend Info: Executing hook `AtVeryEndDocument' on input line 1014.
Package atveryend Info: Executing hook `AtEndAfterFileList' on input line 1014.



Package rerunfilecheck Warning: File `"Delrapport 4".out' has changed.
(rerunfilecheck)                Rerun to get outlines right
(rerunfilecheck)                or use package `bookmark'.

Package rerunfilecheck Info: Checksums for `"Delrapport 4".out':
(rerunfilecheck)             Before: C88080AF5B78D105075EE64E37643E19;2128
(rerunfilecheck)             After:  831315AF0757E9567B6ED875A1493634;2292.
Package atveryend Info: Empty hook `AtVeryVeryEnd' on input line 1014.
 ) 
Here is how much of TeX's memory you used:
 11693 strings out of 493698
 158834 string characters out of 3144410
 332303 words of memory out of 3000000
 14699 multiletter control sequences out of 15000+200000
 48546 words of font info for 80 fonts, out of 3000000 for 9000
 1025 hyphenation exceptions out of 8191
 34i,17n,40p,3278b,406s stack positions out of 5000i,500n,10000p,200000b,50000s
{C:/Program Files/MiKTeX 2.9/fonts/enc/dvips/fontname/8r.enc}{C:/Program File
s/MiKTeX 2.9/fonts/enc/dvips/cm-super/cm-super-t1.enc}<C:/Program Files/MiKTeX 
2.9/fonts/type1/public/amsfonts/cm/cmex10.pfb><C:/Program Files/MiKTeX 2.9/font
s/type1/public/amsfonts/cm/cmr10.pfb><C:/Program Files/MiKTeX 2.9/fonts/type1/p
ublic/amsfonts/cm/cmsy10.pfb><C:/Program Files/MiKTeX 2.9/fonts/type1/public/tx
fonts/rtxmi.pfb><C:/Program Files/MiKTeX 2.9/fonts/type1/public/cm-super/sftt12
00.pfb><C:/Program Files/MiKTeX 2.9/fonts/type1/urw/times/utmb8a.pfb><C:/Progra
m Files/MiKTeX 2.9/fonts/type1/urw/times/utmr8a.pfb><C:/Program Files/MiKTeX 2.
9/fonts/type1/urw/times/utmri8a.pfb>
Output written on "Delrapport 4.pdf" (32 pages, 983792 bytes).
PDF statistics:
 454 PDF objects out of 1000 (max. 8388607)
 72 named destinations out of 1000 (max. 500000)
 331 words of extra memory for PDF output out of 10000 (max. 10000000)

